TN:
SF:src\App.tsx
FN:9,App
FNF:1
FNH:1
FNDA:1,App
DA:10,1
LF:1
LH:1
BRF:0
BRH:0
end_of_record
TN:
SF:src\components\AgendaCard.tsx
FN:12,AgendaCard
FNF:1
FNH:1
FNDA:8,AgendaCard
DA:13,8
LF:1
LH:1
BRDA:32,0,0,2
BRDA:32,0,1,6
BRDA:34,1,0,3
BRDA:34,1,1,5
BRDA:37,2,0,8
BRDA:37,2,1,8
BRF:6
BRH:6
end_of_record
TN:
SF:src\components\AgendaInfo.tsx
FN:8,AgendaInfo
FNF:1
FNH:1
FNDA:2,AgendaInfo
DA:9,2
LF:1
LH:1
BRF:0
BRH:0
end_of_record
TN:
SF:src\components\ConfirmModal.tsx
FN:15,ConfirmModal
FNF:1
FNH:1
FNDA:19,ConfirmModal
DA:25,19
LF:1
LH:1
BRDA:19,0,0,19
BRDA:20,1,0,19
BRDA:21,2,0,19
BRDA:27,3,0,19
BRDA:27,3,1,10
BRDA:43,4,0,2
BRDA:43,4,1,8
BRDA:45,5,0,2
BRDA:45,5,1,8
BRDA:46,6,0,2
BRDA:46,6,1,8
BRDA:62,7,0,2
BRDA:62,7,1,8
BRF:13
BRH:13
end_of_record
TN:
SF:src\components\CpfInputField.tsx
FN:8,CpfInputField
FN:11,(anonymous_1)
FNF:2
FNH:2
FNDA:4,CpfInputField
FNDA:1,(anonymous_1)
DA:9,4
DA:11,4
DA:12,1
DA:13,1
DA:16,4
LF:5
LH:5
BRF:0
BRH:0
end_of_record
TN:
SF:src\components\Header.tsx
FN:8,Header
FNF:1
FNH:1
FNDA:5,Header
DA:9,5
LF:1
LH:1
BRF:0
BRH:0
end_of_record
TN:
SF:src\components\Layout.tsx
FN:11,Layout
FN:17,(anonymous_1)
FN:20,(anonymous_2)
FNF:3
FNH:1
FNDA:3,Layout
FNDA:0,(anonymous_1)
FNDA:0,(anonymous_2)
DA:12,3
DA:13,3
DA:15,3
DA:17,0
DA:20,0
LF:5
LH:3
BRF:0
BRH:0
end_of_record
TN:
SF:src\components\ParticipationTable.tsx
FN:9,ParticipationTable
FNF:1
FNH:1
FNDA:8,ParticipationTable
DA:10,8
DA:11,8
DA:12,8
DA:14,8
LF:4
LH:4
BRF:0
BRH:0
end_of_record
TN:
SF:src\components\ResultHeader.tsx
FN:10,ResultHeader
FNF:1
FNH:1
FNDA:6,ResultHeader
DA:11,6
LF:1
LH:1
BRF:0
BRH:0
end_of_record
TN:
SF:src\components\SessionActions.tsx
FN:13,SessionActions
FN:28,(anonymous_1)
FN:41,(anonymous_2)
FNF:3
FNH:1
FNDA:5,SessionActions
FNDA:0,(anonymous_1)
FNDA:0,(anonymous_2)
DA:19,5
DA:21,5
DA:22,2
DA:28,0
DA:41,0
DA:51,3
DA:52,2
DA:73,1
LF:8
LH:6
BRDA:21,0,0,2
BRDA:21,0,1,3
BRDA:45,1,0,1
BRDA:45,1,1,1
BRDA:51,2,0,2
BRDA:51,2,1,1
BRDA:67,3,0,1
BRDA:67,3,1,1
BRF:8
BRH:8
end_of_record
TN:
SF:src\components\SessionStatusCard.tsx
FN:8,SessionStatusCard
FNF:1
FNH:1
FNDA:5,SessionStatusCard
DA:9,5
LF:1
LH:1
BRDA:14,0,0,5
BRDA:14,0,1,4
BRDA:20,1,0,4
BRDA:20,1,1,4
BRF:4
BRH:4
end_of_record
TN:
SF:src\components\Sidebar.tsx
FN:9,Sidebar
FN:27,(anonymous_1)
FN:38,(anonymous_2)
FNF:3
FNH:3
FNDA:7,Sidebar
FNDA:7,(anonymous_1)
FNDA:7,(anonymous_2)
DA:10,7
DA:27,7
DA:38,7
LF:3
LH:3
BRDA:12,0,0,7
BRDA:12,0,1,4
BRDA:21,1,0,4
BRDA:21,1,1,3
BRDA:29,2,0,7
BRDA:29,2,1,0
BRDA:40,3,0,0
BRDA:40,3,1,7
BRF:8
BRH:6
end_of_record
TN:
SF:src\components\StatusBadge.tsx
FN:8,StatusBadge
FNF:1
FNH:1
FNDA:21,StatusBadge
DA:9,21
DA:15,21
LF:2
LH:2
BRDA:8,0,0,21
BRDA:9,1,0,12
BRDA:9,1,1,9
BRDA:10,2,0,6
BRDA:10,2,1,6
BRF:5
BRH:5
end_of_record
TN:
SF:src\components\Toast.tsx
FN:26,Toast
FN:27,(anonymous_1)
FN:28,(anonymous_2)
FN:32,(anonymous_3)
FN:81,(anonymous_4)
FN:93,ToastContainer
FN:97,(anonymous_6)
FNF:7
FNH:7
FNDA:16,Toast
FNDA:16,(anonymous_1)
FNDA:1,(anonymous_2)
FNDA:16,(anonymous_3)
FNDA:2,(anonymous_4)
FNDA:6,ToastContainer
FNDA:5,(anonymous_6)
DA:12,3
DA:19,3
DA:27,16
DA:28,16
DA:29,1
DA:32,16
DA:35,16
DA:66,16
DA:68,16
DA:81,2
DA:94,6
DA:98,5
LF:12
LH:12
BRF:0
BRH:0
end_of_record
TN:
SF:src\components\VerdictBanner.tsx
FN:8,VerdictBanner
FNF:1
FNH:1
FNDA:5,VerdictBanner
DA:9,5
DA:10,5
DA:12,5
LF:3
LH:3
BRDA:9,0,0,3
BRDA:9,0,1,2
BRDA:9,1,0,1
BRDA:9,1,1,1
BRDA:10,2,0,3
BRDA:10,2,1,2
BRDA:10,3,0,1
BRDA:10,3,1,1
BRDA:20,4,0,3
BRDA:20,4,1,2
BRDA:20,5,0,1
BRDA:20,5,1,1
BRF:12
BRH:12
end_of_record
TN:
SF:src\components\VoteDistributionCard.tsx
FN:10,VoteDistributionCard
FNF:1
FNH:1
FNDA:9,VoteDistributionCard
DA:11,9
DA:13,9
LF:2
LH:2
BRF:0
BRH:0
end_of_record
TN:
SF:src\components\VoteDistributionChart.tsx
FN:9,VoteDistributionChart
FNF:1
FNH:1
FNDA:26,VoteDistributionChart
DA:10,26
DA:12,26
LF:2
LH:2
BRDA:9,0,0,26
BRDA:14,1,0,26
BRDA:14,1,1,23
BRF:3
BRH:3
end_of_record
TN:
SF:src\components\VoteOptions.tsx
FN:9,VoteOptions
FN:22,(anonymous_1)
FN:33,(anonymous_2)
FNF:3
FNH:3
FNDA:6,VoteOptions
FNDA:1,(anonymous_1)
FNDA:1,(anonymous_2)
DA:10,6
DA:22,1
DA:33,1
LF:3
LH:3
BRF:0
BRH:0
end_of_record
TN:
SF:src\components\VoteSuccessView.tsx
FN:5,VoteSuccessView
FNF:1
FNH:1
FNDA:3,VoteSuccessView
DA:6,3
LF:1
LH:1
BRF:0
BRH:0
end_of_record
TN:
SF:src\components\VotingResultCard.tsx
FN:10,VotingResultCard
FNF:1
FNH:1
FNDA:10,VotingResultCard
DA:11,10
DA:12,10
DA:13,10
DA:14,10
DA:16,10
LF:5
LH:5
BRDA:26,0,0,8
BRDA:26,0,1,2
BRDA:27,1,0,1
BRDA:27,1,1,1
BRDA:29,2,0,8
BRDA:29,2,1,2
BRDA:29,3,0,1
BRDA:29,3,1,1
BRF:8
BRH:8
end_of_record
TN:
SF:src\hooks\useAgendaWithSession.ts
FN:14,useAgendaWithSession
FN:18,(anonymous_1)
FN:19,(anonymous_2)
FN:25,(anonymous_3)
FN:34,(anonymous_4)
FN:40,(anonymous_5)
FN:46,(anonymous_6)
FN:53,useAgendaWithSessionById
FN:58,(anonymous_8)
FN:59,(anonymous_9)
FN:64,(anonymous_10)
FN:70,(anonymous_11)
FN:74,(anonymous_12)
FN:81,(anonymous_13)
FN:87,(anonymous_14)
FNF:15
FNH:15
FNDA:11,useAgendaWithSession
FNDA:5,(anonymous_1)
FNDA:5,(anonymous_2)
FNDA:2,(anonymous_3)
FNDA:4,(anonymous_4)
FNDA:5,(anonymous_5)
FNDA:4,(anonymous_6)
FNDA:10,useAgendaWithSessionById
FNDA:4,(anonymous_8)
FNDA:4,(anonymous_9)
FNDA:3,(anonymous_10)
FNDA:2,(anonymous_11)
FNDA:1,(anonymous_12)
FNDA:4,(anonymous_13)
FNDA:4,(anonymous_14)
DA:15,11
DA:16,11
DA:18,11
DA:19,5
DA:20,5
DA:22,5
DA:23,5
DA:24,4
DA:26,2
DA:27,2
DA:28,2
DA:30,0
DA:34,4
DA:35,4
DA:38,1
DA:40,5
DA:41,5
DA:46,11
DA:47,4
DA:50,11
DA:54,10
DA:55,10
DA:56,10
DA:58,10
DA:59,4
DA:60,4
DA:62,4
DA:63,4
DA:64,3
DA:65,3
DA:68,3
DA:69,3
DA:70,2
DA:71,2
DA:74,1
DA:75,1
DA:79,1
DA:81,4
DA:82,4
DA:87,10
DA:88,4
DA:91,10
LF:42
LH:41
BRDA:14,0,0,11
BRDA:53,1,0,10
BRDA:88,2,0,4
BRDA:88,2,1,0
BRF:4
BRH:3
end_of_record
TN:
SF:src\hooks\useCpfMask.ts
FN:3,useCpfMask
FN:6,(anonymous_1)
FN:16,(anonymous_2)
FN:21,(anonymous_3)
FN:25,(anonymous_4)
FNF:5
FNH:5
FNDA:26,useCpfMask
FNDA:10,(anonymous_1)
FNDA:10,(anonymous_2)
FNDA:5,(anonymous_3)
FNDA:3,(anonymous_4)
DA:4,26
DA:6,26
DA:7,10
DA:9,10
DA:10,10
DA:11,7
DA:12,6
DA:13,4
DA:16,26
DA:17,10
DA:18,10
DA:21,26
DA:22,5
DA:25,26
DA:26,3
DA:27,3
DA:30,26
LF:17
LH:17
BRDA:3,0,0,26
BRDA:9,1,0,0
BRDA:9,1,1,10
BRDA:10,2,0,3
BRDA:10,2,1,7
BRDA:11,3,0,1
BRDA:11,3,1,6
BRDA:12,4,0,2
BRDA:12,4,1,4
BRF:9
BRH:8
end_of_record
TN:
SF:src\pages\Dashboard.tsx
FN:14,Dashboard
FN:19,(anonymous_1)
FN:23,(anonymous_2)
FN:32,(anonymous_3)
FN:38,(anonymous_4)
FN:44,(anonymous_5)
FN:50,(anonymous_6)
FN:53,(anonymous_7)
FN:59,(anonymous_8)
FN:90,(anonymous_9)
FN:106,(anonymous_10)
FNF:11
FNH:11
FNDA:18,Dashboard
FNDA:10,(anonymous_1)
FNDA:5,(anonymous_2)
FNDA:8,(anonymous_3)
FNDA:8,(anonymous_4)
FNDA:10,(anonymous_5)
FNDA:5,(anonymous_6)
FNDA:5,(anonymous_7)
FNDA:5,(anonymous_8)
FNDA:16,(anonymous_9)
FNDA:5,(anonymous_10)
DA:15,18
DA:16,18
DA:17,18
DA:19,18
DA:20,10
DA:21,10
DA:22,8
DA:24,5
DA:25,5
DA:26,1
DA:28,4
DA:32,8
DA:33,8
DA:36,0
DA:38,8
DA:39,8
DA:44,18
DA:45,10
DA:48,18
DA:50,5
DA:53,18
DA:54,5
DA:55,1
DA:56,0
DA:59,18
DA:60,5
DA:61,1
DA:62,0
DA:65,18
DA:66,10
DA:73,8
DA:91,16
DA:107,5
DA:108,5
LF:34
LH:31
BRDA:54,0,0,4
BRDA:54,0,1,1
BRDA:55,1,0,1
BRDA:55,1,1,0
BRDA:60,2,0,4
BRDA:60,2,1,1
BRDA:61,3,0,1
BRDA:61,3,1,0
BRDA:65,4,0,10
BRDA:65,4,1,8
BRDA:131,5,0,1
BRDA:131,5,1,4
BRF:12
BRH:10
end_of_record
TN:
SF:src\pages\PautaCreate.tsx
FN:7,PautaCreate
FN:14,(anonymous_1)
FN:38,(anonymous_2)
FN:59,(anonymous_3)
FN:70,(anonymous_4)
FN:78,(anonymous_5)
FNF:6
FNH:4
FNDA:7,PautaCreate
FNDA:2,(anonymous_1)
FNDA:0,(anonymous_2)
FNDA:1,(anonymous_3)
FNDA:1,(anonymous_4)
FNDA:0,(anonymous_5)
DA:8,7
DA:9,7
DA:10,7
DA:11,7
DA:12,7
DA:14,7
DA:15,2
DA:17,2
DA:18,1
DA:19,1
DA:22,1
DA:23,1
DA:24,1
DA:25,1
DA:26,1
DA:28,0
DA:30,1
DA:34,7
DA:38,0
DA:59,1
DA:70,1
DA:78,0
LF:22
LH:19
BRDA:17,0,0,1
BRDA:17,0,1,1
BRDA:88,1,0,1
BRDA:88,1,1,6
BRF:4
BRH:4
end_of_record
TN:
SF:src\pages\PautaDetail.tsx
FN:13,PautaDetail
FN:25,(anonymous_1)
FN:28,(anonymous_2)
FN:34,(anonymous_3)
FN:41,(anonymous_4)
FN:45,(anonymous_5)
FN:51,(anonymous_6)
FN:59,(anonymous_7)
FN:65,(anonymous_8)
FN:69,(anonymous_9)
FN:83,(anonymous_10)
FN:87,(anonymous_11)
FN:104,(anonymous_12)
FN:130,(anonymous_13)
FN:208,(anonymous_14)
FN:265,(anonymous_15)
FN:278,(anonymous_16)
FNF:17
FNH:9
FNDA:11,PautaDetail
FNDA:6,(anonymous_1)
FNDA:5,(anonymous_2)
FNDA:3,(anonymous_3)
FNDA:2,(anonymous_4)
FNDA:0,(anonymous_5)
FNDA:2,(anonymous_6)
FNDA:5,(anonymous_7)
FNDA:6,(anonymous_8)
FNDA:0,(anonymous_9)
FNDA:0,(anonymous_10)
FNDA:0,(anonymous_11)
FNDA:0,(anonymous_12)
FNDA:0,(anonymous_13)
FNDA:2,(anonymous_14)
FNDA:0,(anonymous_15)
FNDA:0,(anonymous_16)
DA:14,11
DA:15,11
DA:16,11
DA:17,11
DA:18,11
DA:19,11
DA:20,11
DA:21,11
DA:22,11
DA:23,11
DA:25,11
DA:26,6
DA:27,6
DA:28,5
DA:29,5
DA:32,5
DA:33,5
DA:34,3
DA:35,3
DA:38,3
DA:39,2
DA:40,2
DA:41,2
DA:42,2
DA:45,0
DA:46,0
DA:51,2
DA:52,2
DA:56,0
DA:57,0
DA:59,5
DA:60,5
DA:65,11
DA:66,6
DA:69,11
DA:70,0
DA:71,0
DA:72,0
DA:73,0
DA:74,0
DA:76,0
DA:77,0
DA:79,0
DA:83,11
DA:84,0
DA:87,11
DA:88,0
DA:89,0
DA:90,0
DA:91,0
DA:92,0
DA:93,0
DA:95,0
DA:96,0
DA:98,0
DA:100,0
DA:104,11
DA:105,0
DA:108,11
DA:109,6
DA:116,5
DA:118,11
DA:124,11
DA:130,0
DA:209,2
DA:210,2
DA:265,0
DA:278,0
LF:68
LH:41
BRDA:38,0,0,2
BRDA:38,0,1,1
BRDA:66,1,0,6
BRDA:66,1,1,0
BRDA:69,2,0,0
BRDA:77,3,0,0
BRDA:77,3,1,0
BRDA:77,3,2,0
BRDA:108,4,0,6
BRDA:108,4,1,5
BRDA:108,5,0,11
BRDA:108,5,1,5
BRDA:116,6,0,5
BRDA:116,6,1,3
BRDA:116,6,2,1
BRDA:118,7,0,3
BRDA:118,7,1,2
BRDA:119,8,0,1
BRDA:119,8,1,2
BRDA:161,9,0,11
BRDA:161,9,1,0
BRDA:165,10,0,11
BRDA:165,10,1,2
BRDA:174,11,0,2
BRDA:174,11,1,0
BRDA:174,12,0,0
BRDA:174,12,1,0
BRDA:175,13,0,2
BRDA:175,13,1,0
BRDA:175,14,0,0
BRDA:175,14,1,0
BRDA:182,15,0,2
BRDA:182,15,1,2
BRDA:209,16,0,0
BRDA:209,16,1,2
BRDA:243,17,0,11
BRDA:243,17,1,3
BRDA:249,18,0,3
BRDA:249,18,1,3
BRDA:259,19,0,2
BRDA:259,19,1,3
BRDA:282,20,0,0
BRDA:282,20,1,2
BRDA:285,21,0,1
BRDA:285,21,1,2
BRDA:300,22,0,0
BRDA:300,22,1,1
BRF:47
BRH:32
end_of_record
TN:
SF:src\pages\PautaList.tsx
FN:14,PautaList
FN:20,(anonymous_1)
FN:24,(anonymous_2)
FN:33,(anonymous_3)
FN:39,(anonymous_4)
FN:45,(anonymous_5)
FN:49,(anonymous_6)
FN:55,(anonymous_7)
FN:94,(anonymous_8)
FN:112,(anonymous_9)
FNF:10
FNH:9
FNDA:5,PautaList
FNDA:3,(anonymous_1)
FNDA:1,(anonymous_2)
FNDA:2,(anonymous_3)
FNDA:2,(anonymous_4)
FNDA:3,(anonymous_5)
FNDA:1,(anonymous_6)
FNDA:1,(anonymous_7)
FNDA:0,(anonymous_8)
FNDA:1,(anonymous_9)
DA:15,5
DA:16,5
DA:17,5
DA:18,5
DA:20,5
DA:21,3
DA:22,3
DA:23,2
DA:25,1
DA:26,1
DA:27,0
DA:29,1
DA:33,2
DA:34,2
DA:37,0
DA:39,2
DA:40,2
DA:45,5
DA:46,3
DA:49,5
DA:50,1
DA:51,0
DA:52,0
DA:55,5
DA:56,1
DA:60,5
DA:61,3
DA:68,2
DA:94,0
DA:113,1
DA:114,1
LF:31
LH:26
BRDA:50,0,0,1
BRDA:50,0,1,0
BRDA:51,1,0,0
BRDA:51,1,1,0
BRDA:56,2,0,1
BRDA:56,2,1,0
BRDA:60,3,0,3
BRDA:60,3,1,2
BRDA:119,4,0,1
BRDA:119,4,1,1
BRF:10
BRH:6
end_of_record
TN:
SF:src\pages\Results.tsx
FN:11,Results
FN:20,(anonymous_1)
FN:23,(anonymous_2)
FN:28,(anonymous_3)
FN:34,(anonymous_4)
FN:38,(anonymous_5)
FN:52,(anonymous_6)
FN:58,(anonymous_7)
FN:73,(anonymous_8)
FN:79,(anonymous_9)
FN:85,(anonymous_10)
FN:108,(anonymous_11)
FN:308,(anonymous_12)
FNF:13
FNH:8
FNDA:7,Results
FNDA:4,(anonymous_1)
FNDA:3,(anonymous_2)
FNDA:3,(anonymous_3)
FNDA:3,(anonymous_4)
FNDA:0,(anonymous_5)
FNDA:3,(anonymous_6)
FNDA:0,(anonymous_7)
FNDA:0,(anonymous_8)
FNDA:0,(anonymous_9)
FNDA:4,(anonymous_10)
FNDA:0,(anonymous_11)
FNDA:3,(anonymous_12)
DA:12,7
DA:13,7
DA:14,7
DA:15,7
DA:16,7
DA:17,7
DA:18,7
DA:20,7
DA:21,4
DA:22,4
DA:23,3
DA:24,3
DA:27,3
DA:28,3
DA:29,3
DA:32,3
DA:33,3
DA:34,3
DA:35,3
DA:38,0
DA:39,0
DA:50,0
DA:52,3
DA:53,3
DA:58,7
DA:59,0
DA:60,0
DA:61,0
DA:63,0
DA:64,0
DA:65,0
DA:66,0
DA:67,0
DA:69,0
DA:73,0
DA:74,0
DA:77,0
DA:79,0
DA:80,0
DA:85,7
DA:86,4
DA:87,0
DA:90,7
DA:91,4
DA:98,3
DA:99,0
DA:109,0
DA:150,3
DA:151,0
DA:158,3
DA:160,3
DA:310,3
DA:311,2
LF:53
LH:32
BRDA:86,0,0,4
BRDA:86,0,1,0
BRDA:90,1,0,4
BRDA:90,1,1,3
BRDA:98,2,0,0
BRDA:98,2,1,3
BRDA:98,3,0,3
BRDA:98,3,1,0
BRDA:118,4,0,0
BRDA:118,4,1,0
BRDA:132,5,0,0
BRDA:132,5,1,0
BRDA:133,6,0,0
BRDA:133,6,1,0
BRDA:135,7,0,0
BRDA:135,7,1,0
BRDA:135,8,0,0
BRDA:135,8,1,0
BRDA:150,9,0,0
BRDA:150,9,1,3
BRDA:150,10,0,3
BRDA:150,10,1,3
BRDA:150,10,2,3
BRDA:212,11,0,1
BRDA:212,11,1,2
BRDA:238,12,0,7
BRDA:238,12,1,2
BRDA:262,13,0,1
BRDA:262,13,1,2
BRDA:262,14,0,0
BRDA:262,14,1,2
BRDA:263,15,0,1
BRDA:263,15,1,2
BRDA:263,16,0,0
BRDA:263,16,1,2
BRDA:269,17,0,1
BRDA:269,17,1,2
BRDA:270,18,0,0
BRDA:270,18,1,2
BRDA:272,19,0,1
BRDA:272,19,1,2
BRDA:272,20,0,0
BRDA:272,20,1,2
BRDA:310,21,0,1
BRDA:310,21,1,2
BRF:45
BRH:27
end_of_record
TN:
SF:src\pages\Voting.tsx
FN:13,VotingPage
FN:26,(anonymous_1)
FN:29,(anonymous_2)
FN:41,(anonymous_3)
FN:48,(anonymous_4)
FN:54,(anonymous_5)
FN:58,(anonymous_6)
FN:67,(anonymous_7)
FN:101,(anonymous_8)
FN:201,(anonymous_9)
FN:212,(anonymous_10)
FNF:11
FNH:6
FNDA:7,VotingPage
FNDA:4,(anonymous_1)
FNDA:3,(anonymous_2)
FNDA:3,(anonymous_3)
FNDA:3,(anonymous_4)
FNDA:4,(anonymous_5)
FNDA:0,(anonymous_6)
FNDA:0,(anonymous_7)
FNDA:0,(anonymous_8)
FNDA:0,(anonymous_9)
FNDA:0,(anonymous_10)
DA:14,7
DA:15,7
DA:16,7
DA:17,7
DA:18,7
DA:19,7
DA:20,7
DA:21,7
DA:22,7
DA:23,7
DA:24,7
DA:26,7
DA:27,4
DA:28,4
DA:29,3
DA:30,3
DA:33,3
DA:34,3
DA:35,0
DA:36,0
DA:37,0
DA:40,3
DA:41,3
DA:42,3
DA:45,0
DA:46,0
DA:48,3
DA:49,3
DA:54,7
DA:55,4
DA:58,7
DA:59,0
DA:60,0
DA:61,0
DA:63,0
DA:64,0
DA:67,7
DA:68,0
DA:69,0
DA:70,0
DA:71,0
DA:72,0
DA:73,0
DA:74,0
DA:76,0
DA:77,0
DA:78,0
DA:79,0
DA:80,0
DA:82,0
DA:83,0
DA:84,0
DA:85,0
DA:86,0
DA:87,0
DA:88,0
DA:89,0
DA:90,0
DA:91,0
DA:94,0
DA:96,0
DA:97,0
DA:101,7
DA:102,0
DA:103,0
DA:106,7
DA:107,4
DA:114,3
DA:115,0
DA:139,3
DA:201,0
DA:212,0
LF:72
LH:32
BRDA:34,0,0,0
BRDA:34,0,1,3
BRDA:34,1,0,3
BRDA:34,1,1,3
BRDA:55,2,0,4
BRDA:55,2,1,0
BRDA:59,3,0,0
BRDA:59,3,1,0
BRDA:68,4,0,0
BRDA:68,4,1,0
BRDA:82,5,0,0
BRDA:82,5,1,0
BRDA:84,6,0,0
BRDA:84,6,1,0
BRDA:84,6,2,0
BRDA:85,7,0,0
BRDA:85,7,1,0
BRDA:87,8,0,0
BRDA:87,8,1,0
BRDA:87,8,2,0
BRDA:88,9,0,0
BRDA:88,9,1,0
BRDA:90,10,0,0
BRDA:90,10,1,0
BRDA:106,11,0,4
BRDA:106,11,1,3
BRDA:114,12,0,0
BRDA:114,12,1,3
BRDA:169,13,0,7
BRDA:169,13,1,0
BRDA:245,14,0,0
BRDA:245,14,1,3
BRDA:248,15,0,0
BRDA:248,15,1,3
BRF:34
BRH:10
end_of_record
TN:
SF:src\services\agendaService.ts
FN:5,(anonymous_0)
FN:10,(anonymous_1)
FN:15,(anonymous_2)
FNF:3
FNH:3
FNDA:2,(anonymous_0)
FNDA:2,(anonymous_1)
FNDA:1,(anonymous_2)
DA:4,9
DA:6,2
DA:7,1
DA:11,2
DA:12,1
DA:16,1
DA:17,1
LF:7
LH:7
BRF:0
BRH:0
end_of_record
TN:
SF:src\services\api.ts
FN:3,joinUrl
FNF:1
FNH:1
FNDA:11,joinUrl
DA:4,11
DA:5,11
DA:6,0
DA:8,11
DA:9,11
DA:13,11
DA:16,11
LF:7
LH:6
BRDA:8,0,0,11
BRDA:8,0,1,0
BRDA:13,1,0,11
BRDA:13,1,1,0
BRDA:13,1,2,11
BRF:5
BRH:3
end_of_record
TN:
SF:src\services\sessionService.ts
FN:5,(anonymous_0)
FN:10,(anonymous_1)
FN:15,(anonymous_2)
FN:20,(anonymous_3)
FNF:4
FNH:4
FNDA:1,(anonymous_0)
FNDA:2,(anonymous_1)
FNDA:2,(anonymous_2)
FNDA:1,(anonymous_3)
DA:4,8
DA:6,1
DA:7,1
DA:11,2
DA:12,1
DA:16,2
DA:17,1
DA:21,1
DA:22,1
LF:9
LH:9
BRF:0
BRH:0
end_of_record
TN:
SF:src\services\voteService.ts
FN:5,(anonymous_0)
FN:10,(anonymous_1)
FNF:2
FNH:2
FNDA:4,(anonymous_0)
FNDA:2,(anonymous_1)
DA:4,5
DA:6,4
DA:7,1
DA:11,2
DA:12,2
LF:5
LH:5
BRF:0
BRH:0
end_of_record
TN:
SF:src\stores\appStore.ts
FN:21,(anonymous_0)
FN:29,(anonymous_1)
FN:30,(anonymous_2)
FN:31,(anonymous_3)
FN:33,(anonymous_4)
FN:33,(anonymous_5)
FN:37,(anonymous_6)
FN:37,(anonymous_7)
FN:38,(anonymous_8)
FN:41,(anonymous_9)
FN:42,(anonymous_10)
FNF:11
FNH:11
FNDA:9,(anonymous_0)
FNDA:1,(anonymous_1)
FNDA:1,(anonymous_2)
FNDA:1,(anonymous_3)
FNDA:4,(anonymous_4)
FNDA:4,(anonymous_5)
FNDA:2,(anonymous_6)
FNDA:2,(anonymous_7)
FNDA:2,(anonymous_8)
FNDA:3,(anonymous_9)
FNDA:3,(anonymous_10)
DA:21,9
DA:29,1
DA:30,1
DA:31,1
DA:33,4
DA:37,2
DA:38,2
DA:41,3
DA:42,3
LF:9
LH:9
BRF:0
BRH:0
end_of_record
TN:
SF:src\utils\date.ts
FN:1,formatDateTime
FN:5,formatDate
FNF:2
FNH:2
FNDA:16,formatDateTime
FNDA:18,formatDate
DA:2,16
DA:6,18
LF:2
LH:2
BRF:0
BRH:0
end_of_record
TN:
SF:src\utils\index.ts
FNF:0
FNH:0
LF:0
LH:0
BRF:0
BRH:0
end_of_record
TN:
SF:src\utils\voting.ts
FN:1,calculatePercentage
FN:11,formatPercentage
FN:15,getApprovalRate
FNF:3
FNH:3
FNDA:48,calculatePercentage
FNDA:43,formatPercentage
FNDA:34,getApprovalRate
DA:2,48
DA:3,6
DA:5,42
DA:12,43
DA:16,34
DA:17,29
LF:6
LH:6
BRDA:2,0,0,6
BRDA:2,0,1,42
BRDA:11,1,0,43
BRDA:16,2,0,5
BRDA:16,2,1,29
BRF:5
BRH:5
end_of_record
